[debug] [2020-09-13T19:11:05.084Z] ----------------------------------------------------------------------
[debug] [2020-09-13T19:11:05.086Z] Command:       C:\Program Files\nodejs\node.exe C:\Users\Bazil Nizam\AppData\Roaming\npm\node_modules\firebase-tools\lib\bin\firebase.js emulators:start
[debug] [2020-09-13T19:11:05.086Z] CLI Version:   8.10.0
[debug] [2020-09-13T19:11:05.086Z] Platform:      win32
[debug] [2020-09-13T19:11:05.086Z] Node Version:  v12.18.3
[debug] [2020-09-13T19:11:05.087Z] Time:          Mon Sep 14 2020 00:41:05 GMT+0530 (India Standard Time)
[debug] [2020-09-13T19:11:05.087Z] ----------------------------------------------------------------------
[debug] [2020-09-13T19:11:05.087Z] 
[debug] [2020-09-13T19:11:05.094Z] > command requires scopes: ["email","openid","https://www.googleapis.com/auth/cloudplatformprojects.readonly","https://www.googleapis.com/auth/firebase","https://www.googleapis.com/auth/cloud-platform"]
[debug] [2020-09-13T19:11:05.095Z] > authorizing via signed-in user
[info] i  emulators: Starting emulators: functions, hosting {"metadata":{"emulator":{"name":"hub"},"message":"Starting emulators: functions, hosting"}}
[debug] [2020-09-13T19:11:07.125Z] [hub] writing locator at C:\Users\Bazil Nizam\AppData\Local\Temp\hub-challenge-48601.json
[warn] !  functions: The following emulators are not running, calls to these services from the Functions emulator will affect production: firestore, database, pubsub {"metadata":{"emulator":{"name":"functions"},"message":"The following emulators are not running, calls to these services from the Functions emulator will affect production: \u001b[1mfirestore, database, pubsub\u001b[22m"}}
[warn] !  Your requested "node" version "10" doesn't match your global version "12" {"metadata":{"emulator":{"name":"functions"},"message":"Your requested \"node\" version \"10\" doesn't match your global version \"12\""}}
[debug] [2020-09-13T19:11:09.165Z] defaultcredentials: writing to file C:\Users\Bazil Nizam\AppData\Roaming\firebase\bazil4u_gmail_com_application_default_credentials.json
[debug] [2020-09-13T19:11:09.169Z] Setting GAC to C:\Users\Bazil Nizam\AppData\Roaming\firebase\bazil4u_gmail_com_application_default_credentials.json {"metadata":{"emulator":{"name":"functions"},"message":"Setting GAC to C:\\Users\\Bazil Nizam\\AppData\\Roaming\\firebase\\bazil4u_gmail_com_application_default_credentials.json"}}
[debug] [2020-09-13T19:11:11.184Z] >>> HTTP REQUEST GET https://firebase.googleapis.com/v1beta1/projects/challenge-48601/webApps/-/config  
 
[debug] [2020-09-13T19:11:12.817Z] <<< HTTP RESPONSE 200 {"content-type":"application/json; charset=UTF-8","vary":"X-Origin, Referer, Origin,Accept-Encoding","date":"Sun, 13 Sep 2020 19:11:10 GMT","server":"ESF","cache-control":"private","x-xss-protection":"0","x-frame-options":"SAMEORIGIN","x-content-type-options":"nosniff","alt-svc":"h3-29=\":443\"; ma=2592000,h3-27=\":443\"; ma=2592000,h3-T051=\":443\"; ma=2592000,h3-T050=\":443\"; ma=2592000,h3-Q050=\":443\"; ma=2592000,h3-Q046=\":443\"; ma=2592000,h3-Q043=\":443\"; ma=2592000,quic=\":443\"; ma=2592000; v=\"46,43\"","accept-ranges":"none","transfer-encoding":"chunked"}
[info] i  hosting: Serving hosting files from: build {"metadata":{"emulator":{"name":"hosting"},"message":"Serving hosting files from: \u001b[1mbuild\u001b[22m"}}
[info] +  hosting: Local server: http://localhost:5000 {"metadata":{"emulator":{"name":"hosting"},"message":"Local server: \u001b[4m\u001b[1mhttp://localhost:5000\u001b[22m\u001b[24m"}}
[debug] [2020-09-13T19:11:16.863Z] Ignoring unsupported arg: auto_download {"metadata":{"emulator":{"name":"ui"},"message":"Ignoring unsupported arg: auto_download"}}
[debug] [2020-09-13T19:11:16.863Z] Ignoring unsupported arg: port {"metadata":{"emulator":{"name":"ui"},"message":"Ignoring unsupported arg: port"}}
[debug] [2020-09-13T19:11:16.863Z] Starting Emulator UI with command {"binary":"node","args":["C:\\Users\\Bazil Nizam\\.cache\\firebase\\emulators\\ui-v1.1.1\\server.bundle.js"],"optionalArgs":[],"joinArgs":false} {"metadata":{"emulator":{"name":"ui"},"message":"Starting Emulator UI with command {\"binary\":\"node\",\"args\":[\"C:\\\\Users\\\\Bazil Nizam\\\\.cache\\\\firebase\\\\emulators\\\\ui-v1.1.1\\\\server.bundle.js\"],\"optionalArgs\":[],\"joinArgs\":false}"}}
[info] i  ui: Emulator UI logging to ui-debug.log {"metadata":{"emulator":{"name":"ui"},"message":"Emulator UI logging to \u001b[1mui-debug.log\u001b[22m"}}
[debug] [2020-09-13T19:11:16.992Z] Web / API server started at http://localhost:4000
 {"metadata":{"emulator":{"name":"ui"},"message":"Web / API server started at http://localhost:4000\n"}}
[info] i  functions: Watching "C:\Users\Bazil Nizam\Desktop\Amazon-Clone\functions" for Cloud Functions... {"metadata":{"emulator":{"name":"functions"},"message":"Watching \"C:\\Users\\Bazil Nizam\\Desktop\\Amazon-Clone\\functions\" for Cloud Functions..."}}
[debug] [2020-09-13T19:11:17.389Z] [worker-pool] addWorker(~diagnostic~) {"metadata":{"emulator":{"name":"functions"},"message":"[worker-pool] addWorker(~diagnostic~)"}}
[debug] [2020-09-13T19:11:17.390Z] [worker-pool] Adding worker with key ~diagnostic~, total=1 {"metadata":{"emulator":{"name":"functions"},"message":"[worker-pool] Adding worker with key ~diagnostic~, total=1"}}
[debug] [2020-09-13T19:11:17.390Z] [worker-pool] submitWork(triggerId=) {"metadata":{"emulator":{"name":"functions"},"message":"[worker-pool] submitWork(triggerId=)"}}
[debug] [2020-09-13T19:11:17.390Z] [worker-~diagnostic~-06586cea-5260-4cb9-9b92-df4ffb1b97c9]: Assigning socketPath: \\?\pipe\C:\Users\Bazil Nizam\Desktop\Amazon-Clone\functions\13852 {"metadata":{"emulator":{"name":"functions"},"message":"[worker-~diagnostic~-06586cea-5260-4cb9-9b92-df4ffb1b97c9]: Assigning socketPath: \\\\?\\pipe\\C:\\Users\\Bazil Nizam\\Desktop\\Amazon-Clone\\functions\\13852"}}
[debug] [2020-09-13T19:11:17.391Z] [worker-~diagnostic~-06586cea-5260-4cb9-9b92-df4ffb1b97c9]: BUSY {"metadata":{"emulator":{"name":"functions"},"message":"[worker-~diagnostic~-06586cea-5260-4cb9-9b92-df4ffb1b97c9]: BUSY"}}
[debug] [2020-09-13T19:11:17.856Z] [runtime-status] [13852] Functions runtime initialized. {"cwd":"C:\\Users\\Bazil Nizam\\Desktop\\Amazon-Clone\\functions","node_version":"12.18.3"} {"metadata":{"emulator":{"name":"functions"},"message":"[runtime-status] [13852] Functions runtime initialized. {\"cwd\":\"C:\\\\Users\\\\Bazil Nizam\\\\Desktop\\\\Amazon-Clone\\\\functions\",\"node_version\":\"12.18.3\"}"}}
[debug] [2020-09-13T19:11:17.858Z] [runtime-status] [13852] Disabled runtime features: undefined {"metadata":{"emulator":{"name":"functions"},"message":"[runtime-status] [13852] Disabled runtime features: undefined"}}
[debug] [2020-09-13T19:11:17.867Z] [runtime-status] [13852] Resolved module firebase-admin {"declared":true,"installed":true,"version":"8.13.0","resolution":"C:\\Users\\Bazil Nizam\\Desktop\\Amazon-Clone\\functions\\node_modules\\firebase-admin\\lib\\index.js"} {"metadata":{"emulator":{"name":"functions"},"message":"[runtime-status] [13852] Resolved module firebase-admin {\"declared\":true,\"installed\":true,\"version\":\"8.13.0\",\"resolution\":\"C:\\\\Users\\\\Bazil Nizam\\\\Desktop\\\\Amazon-Clone\\\\functions\\\\node_modules\\\\firebase-admin\\\\lib\\\\index.js\"}"}}
[debug] [2020-09-13T19:11:17.870Z] [runtime-status] [13852] Resolved module firebase-functions {"declared":true,"installed":true,"version":"3.11.0","resolution":"C:\\Users\\Bazil Nizam\\Desktop\\Amazon-Clone\\functions\\node_modules\\firebase-functions\\lib\\index.js"} {"metadata":{"emulator":{"name":"functions"},"message":"[runtime-status] [13852] Resolved module firebase-functions {\"declared\":true,\"installed\":true,\"version\":\"3.11.0\",\"resolution\":\"C:\\\\Users\\\\Bazil Nizam\\\\Desktop\\\\Amazon-Clone\\\\functions\\\\node_modules\\\\firebase-functions\\\\lib\\\\index.js\"}"}}
[debug] [2020-09-13T19:11:17.871Z] [runtime-status] [13852] Resolved module firebase-functions {"declared":true,"installed":true,"version":"3.11.0","resolution":"C:\\Users\\Bazil Nizam\\Desktop\\Amazon-Clone\\functions\\node_modules\\firebase-functions\\lib\\index.js"} {"metadata":{"emulator":{"name":"functions"},"message":"[runtime-status] [13852] Resolved module firebase-functions {\"declared\":true,\"installed\":true,\"version\":\"3.11.0\",\"resolution\":\"C:\\\\Users\\\\Bazil Nizam\\\\Desktop\\\\Amazon-Clone\\\\functions\\\\node_modules\\\\firebase-functions\\\\lib\\\\index.js\"}"}}
[debug] [2020-09-13T19:11:17.873Z] [runtime-status] [13852] Outgoing network have been stubbed. [{"name":"http","status":"mocked"},{"name":"http","status":"mocked"},{"name":"https","status":"mocked"},{"name":"https","status":"mocked"},{"name":"net","status":"mocked"}] {"metadata":{"emulator":{"name":"functions"},"message":"[runtime-status] [13852] Outgoing network have been stubbed. [{\"name\":\"http\",\"status\":\"mocked\"},{\"name\":\"http\",\"status\":\"mocked\"},{\"name\":\"https\",\"status\":\"mocked\"},{\"name\":\"https\",\"status\":\"mocked\"},{\"name\":\"net\",\"status\":\"mocked\"}]"}}
[debug] [2020-09-13T19:11:17.874Z] [runtime-status] [13852] Resolved module firebase-functions {"declared":true,"installed":true,"version":"3.11.0","resolution":"C:\\Users\\Bazil Nizam\\Desktop\\Amazon-Clone\\functions\\node_modules\\firebase-functions\\lib\\index.js"} {"metadata":{"emulator":{"name":"functions"},"message":"[runtime-status] [13852] Resolved module firebase-functions {\"declared\":true,\"installed\":true,\"version\":\"3.11.0\",\"resolution\":\"C:\\\\Users\\\\Bazil Nizam\\\\Desktop\\\\Amazon-Clone\\\\functions\\\\node_modules\\\\firebase-functions\\\\lib\\\\index.js\"}"}}
[debug] [2020-09-13T19:11:18.002Z] [runtime-status] [13852] Checked functions.config() {"config":{}} {"metadata":{"emulator":{"name":"functions"},"message":"[runtime-status] [13852] Checked functions.config() {\"config\":{}}"}}
[debug] [2020-09-13T19:11:18.002Z] [runtime-status] [13852] firebase-functions has been stubbed. {"functionsResolution":{"declared":true,"installed":true,"version":"3.11.0","resolution":"C:\\Users\\Bazil Nizam\\Desktop\\Amazon-Clone\\functions\\node_modules\\firebase-functions\\lib\\index.js"}} {"metadata":{"emulator":{"name":"functions"},"message":"[runtime-status] [13852] firebase-functions has been stubbed. {\"functionsResolution\":{\"declared\":true,\"installed\":true,\"version\":\"3.11.0\",\"resolution\":\"C:\\\\Users\\\\Bazil Nizam\\\\Desktop\\\\Amazon-Clone\\\\functions\\\\node_modules\\\\firebase-functions\\\\lib\\\\index.js\"}}"}}
[debug] [2020-09-13T19:11:18.003Z] [runtime-status] [13852] Resolved module firebase-functions {"declared":true,"installed":true,"version":"3.11.0","resolution":"C:\\Users\\Bazil Nizam\\Desktop\\Amazon-Clone\\functions\\node_modules\\firebase-functions\\lib\\index.js"} {"metadata":{"emulator":{"name":"functions"},"message":"[runtime-status] [13852] Resolved module firebase-functions {\"declared\":true,\"installed\":true,\"version\":\"3.11.0\",\"resolution\":\"C:\\\\Users\\\\Bazil Nizam\\\\Desktop\\\\Amazon-Clone\\\\functions\\\\node_modules\\\\firebase-functions\\\\lib\\\\index.js\"}"}}
[debug] [2020-09-13T19:11:18.004Z] [runtime-status] [13852] Resolved module firebase-admin {"declared":true,"installed":true,"version":"8.13.0","resolution":"C:\\Users\\Bazil Nizam\\Desktop\\Amazon-Clone\\functions\\node_modules\\firebase-admin\\lib\\index.js"} {"metadata":{"emulator":{"name":"functions"},"message":"[runtime-status] [13852] Resolved module firebase-admin {\"declared\":true,\"installed\":true,\"version\":\"8.13.0\",\"resolution\":\"C:\\\\Users\\\\Bazil Nizam\\\\Desktop\\\\Amazon-Clone\\\\functions\\\\node_modules\\\\firebase-admin\\\\lib\\\\index.js\"}"}}
[debug] [2020-09-13T19:11:18.005Z] [runtime-status] [13852] Resolved module firebase-functions {"declared":true,"installed":true,"version":"3.11.0","resolution":"C:\\Users\\Bazil Nizam\\Desktop\\Amazon-Clone\\functions\\node_modules\\firebase-functions\\lib\\index.js"} {"metadata":{"emulator":{"name":"functions"},"message":"[runtime-status] [13852] Resolved module firebase-functions {\"declared\":true,\"installed\":true,\"version\":\"3.11.0\",\"resolution\":\"C:\\\\Users\\\\Bazil Nizam\\\\Desktop\\\\Amazon-Clone\\\\functions\\\\node_modules\\\\firebase-functions\\\\lib\\\\index.js\"}"}}
[debug] [2020-09-13T19:11:18.005Z] [runtime-status] [13852] firebase-admin has been stubbed. {"adminResolution":{"declared":true,"installed":true,"version":"8.13.0","resolution":"C:\\Users\\Bazil Nizam\\Desktop\\Amazon-Clone\\functions\\node_modules\\firebase-admin\\lib\\index.js"}} {"metadata":{"emulator":{"name":"functions"},"message":"[runtime-status] [13852] firebase-admin has been stubbed. {\"adminResolution\":{\"declared\":true,\"installed\":true,\"version\":\"8.13.0\",\"resolution\":\"C:\\\\Users\\\\Bazil Nizam\\\\Desktop\\\\Amazon-Clone\\\\functions\\\\node_modules\\\\firebase-admin\\\\lib\\\\index.js\"}}"}}
[info] +  functions[api]: http function initialized (http://localhost:5001/challenge-48601/us-central1/api). {"metadata":{"emulator":{"name":"functions"},"message":"\u001b[1mhttp\u001b[22m function initialized (http://localhost:5001/challenge-48601/us-central1/api)."}}
[info] 
┌───────────────────────────────────────────────────────────────────────┐
│ ✔  All emulators ready! View status and logs at http://localhost:4000 │
└───────────────────────────────────────────────────────────────────────┘

┌───────────┬────────────────┬─────────────────────────────────┐
│ Emulator  │ Host:Port      │ View in Emulator UI             │
├───────────┼────────────────┼─────────────────────────────────┤
│ Functions │ localhost:5001 │ http://localhost:4000/functions │
├───────────┼────────────────┼─────────────────────────────────┤
│ Hosting   │ localhost:5000 │ n/a                             │
└───────────┴────────────────┴─────────────────────────────────┘
  Other reserved ports: 4400, 4500

Issues? Report them at https://github.com/firebase/firebase-tools/issues and attach the *-debug.log files.
 
[debug] [2020-09-13T19:11:18.417Z] [worker-~diagnostic~-06586cea-5260-4cb9-9b92-df4ffb1b97c9]: IDLE {"metadata":{"emulator":{"name":"functions"},"message":"[worker-~diagnostic~-06586cea-5260-4cb9-9b92-df4ffb1b97c9]: IDLE"}}
[debug] [2020-09-13T19:11:28.211Z] [work-queue] {"queueLength":1,"workRunningCount":0}
[debug] [2020-09-13T19:11:28.211Z] [work-queue] {"queueLength":0,"workRunningCount":1}
[debug] [2020-09-13T19:11:28.212Z] Accepted request POST /challenge-48601/us-central1/api/payments/create?total=4999000 --> api
[debug] [2020-09-13T19:11:28.216Z] [worker-pool] addWorker(api) {"metadata":{"emulator":{"name":"functions"},"message":"[worker-pool] addWorker(api)"}}
[debug] [2020-09-13T19:11:28.217Z] [worker-pool] Adding worker with key api, total=1 {"metadata":{"emulator":{"name":"functions"},"message":"[worker-pool] Adding worker with key api, total=1"}}
[debug] [2020-09-13T19:11:28.217Z] [worker-pool] submitWork(triggerId=api) {"metadata":{"emulator":{"name":"functions"},"message":"[worker-pool] submitWork(triggerId=api)"}}
[debug] [2020-09-13T19:11:28.217Z] [worker-api-32b1d9ee-d609-464a-93c9-53551256fcac]: Assigning socketPath: \\?\pipe\C:\Users\Bazil Nizam\Desktop\Amazon-Clone\functions\7864 {"metadata":{"emulator":{"name":"functions"},"message":"[worker-api-32b1d9ee-d609-464a-93c9-53551256fcac]: Assigning socketPath: \\\\?\\pipe\\C:\\Users\\Bazil Nizam\\Desktop\\Amazon-Clone\\functions\\7864"}}
[debug] [2020-09-13T19:11:28.217Z] [worker-api-32b1d9ee-d609-464a-93c9-53551256fcac]: BUSY {"metadata":{"emulator":{"name":"functions"},"message":"[worker-api-32b1d9ee-d609-464a-93c9-53551256fcac]: BUSY"}}
[debug] [2020-09-13T19:11:28.724Z] [runtime-status] [7864] Functions runtime initialized. {"cwd":"C:\\Users\\Bazil Nizam\\Desktop\\Amazon-Clone\\functions","node_version":"12.18.3"} {"metadata":{"emulator":{"name":"functions"},"function":{"name":"api"},"message":"[runtime-status] [7864] Functions runtime initialized. {\"cwd\":\"C:\\\\Users\\\\Bazil Nizam\\\\Desktop\\\\Amazon-Clone\\\\functions\",\"node_version\":\"12.18.3\"}"}}
[debug] [2020-09-13T19:11:28.726Z] [runtime-status] [7864] Disabled runtime features: undefined {"metadata":{"emulator":{"name":"functions"},"function":{"name":"api"},"message":"[runtime-status] [7864] Disabled runtime features: undefined"}}
[debug] [2020-09-13T19:11:28.734Z] [runtime-status] [7864] Resolved module firebase-admin {"declared":true,"installed":true,"version":"8.13.0","resolution":"C:\\Users\\Bazil Nizam\\Desktop\\Amazon-Clone\\functions\\node_modules\\firebase-admin\\lib\\index.js"} {"metadata":{"emulator":{"name":"functions"},"function":{"name":"api"},"message":"[runtime-status] [7864] Resolved module firebase-admin {\"declared\":true,\"installed\":true,\"version\":\"8.13.0\",\"resolution\":\"C:\\\\Users\\\\Bazil Nizam\\\\Desktop\\\\Amazon-Clone\\\\functions\\\\node_modules\\\\firebase-admin\\\\lib\\\\index.js\"}"}}
[debug] [2020-09-13T19:11:28.736Z] [runtime-status] [7864] Resolved module firebase-functions {"declared":true,"installed":true,"version":"3.11.0","resolution":"C:\\Users\\Bazil Nizam\\Desktop\\Amazon-Clone\\functions\\node_modules\\firebase-functions\\lib\\index.js"} {"metadata":{"emulator":{"name":"functions"},"function":{"name":"api"},"message":"[runtime-status] [7864] Resolved module firebase-functions {\"declared\":true,\"installed\":true,\"version\":\"3.11.0\",\"resolution\":\"C:\\\\Users\\\\Bazil Nizam\\\\Desktop\\\\Amazon-Clone\\\\functions\\\\node_modules\\\\firebase-functions\\\\lib\\\\index.js\"}"}}
[debug] [2020-09-13T19:11:28.737Z] [runtime-status] [7864] Resolved module firebase-functions {"declared":true,"installed":true,"version":"3.11.0","resolution":"C:\\Users\\Bazil Nizam\\Desktop\\Amazon-Clone\\functions\\node_modules\\firebase-functions\\lib\\index.js"} {"metadata":{"emulator":{"name":"functions"},"function":{"name":"api"},"message":"[runtime-status] [7864] Resolved module firebase-functions {\"declared\":true,\"installed\":true,\"version\":\"3.11.0\",\"resolution\":\"C:\\\\Users\\\\Bazil Nizam\\\\Desktop\\\\Amazon-Clone\\\\functions\\\\node_modules\\\\firebase-functions\\\\lib\\\\index.js\"}"}}
[debug] [2020-09-13T19:11:28.739Z] [runtime-status] [7864] Outgoing network have been stubbed. [{"name":"http","status":"mocked"},{"name":"http","status":"mocked"},{"name":"https","status":"mocked"},{"name":"https","status":"mocked"},{"name":"net","status":"mocked"}] {"metadata":{"emulator":{"name":"functions"},"function":{"name":"api"},"message":"[runtime-status] [7864] Outgoing network have been stubbed. [{\"name\":\"http\",\"status\":\"mocked\"},{\"name\":\"http\",\"status\":\"mocked\"},{\"name\":\"https\",\"status\":\"mocked\"},{\"name\":\"https\",\"status\":\"mocked\"},{\"name\":\"net\",\"status\":\"mocked\"}]"}}
[debug] [2020-09-13T19:11:28.740Z] [runtime-status] [7864] Resolved module firebase-functions {"declared":true,"installed":true,"version":"3.11.0","resolution":"C:\\Users\\Bazil Nizam\\Desktop\\Amazon-Clone\\functions\\node_modules\\firebase-functions\\lib\\index.js"} {"metadata":{"emulator":{"name":"functions"},"function":{"name":"api"},"message":"[runtime-status] [7864] Resolved module firebase-functions {\"declared\":true,\"installed\":true,\"version\":\"3.11.0\",\"resolution\":\"C:\\\\Users\\\\Bazil Nizam\\\\Desktop\\\\Amazon-Clone\\\\functions\\\\node_modules\\\\firebase-functions\\\\lib\\\\index.js\"}"}}
[debug] [2020-09-13T19:11:28.791Z] [runtime-status] [7864] Checked functions.config() {"config":{}} {"metadata":{"emulator":{"name":"functions"},"function":{"name":"api"},"message":"[runtime-status] [7864] Checked functions.config() {\"config\":{}}"}}
[debug] [2020-09-13T19:11:28.791Z] [runtime-status] [7864] firebase-functions has been stubbed. {"functionsResolution":{"declared":true,"installed":true,"version":"3.11.0","resolution":"C:\\Users\\Bazil Nizam\\Desktop\\Amazon-Clone\\functions\\node_modules\\firebase-functions\\lib\\index.js"}} {"metadata":{"emulator":{"name":"functions"},"function":{"name":"api"},"message":"[runtime-status] [7864] firebase-functions has been stubbed. {\"functionsResolution\":{\"declared\":true,\"installed\":true,\"version\":\"3.11.0\",\"resolution\":\"C:\\\\Users\\\\Bazil Nizam\\\\Desktop\\\\Amazon-Clone\\\\functions\\\\node_modules\\\\firebase-functions\\\\lib\\\\index.js\"}}"}}
[debug] [2020-09-13T19:11:28.792Z] [runtime-status] [7864] Resolved module firebase-functions {"declared":true,"installed":true,"version":"3.11.0","resolution":"C:\\Users\\Bazil Nizam\\Desktop\\Amazon-Clone\\functions\\node_modules\\firebase-functions\\lib\\index.js"} {"metadata":{"emulator":{"name":"functions"},"function":{"name":"api"},"message":"[runtime-status] [7864] Resolved module firebase-functions {\"declared\":true,\"installed\":true,\"version\":\"3.11.0\",\"resolution\":\"C:\\\\Users\\\\Bazil Nizam\\\\Desktop\\\\Amazon-Clone\\\\functions\\\\node_modules\\\\firebase-functions\\\\lib\\\\index.js\"}"}}
[debug] [2020-09-13T19:11:28.793Z] [runtime-status] [7864] Resolved module firebase-admin {"declared":true,"installed":true,"version":"8.13.0","resolution":"C:\\Users\\Bazil Nizam\\Desktop\\Amazon-Clone\\functions\\node_modules\\firebase-admin\\lib\\index.js"} {"metadata":{"emulator":{"name":"functions"},"function":{"name":"api"},"message":"[runtime-status] [7864] Resolved module firebase-admin {\"declared\":true,\"installed\":true,\"version\":\"8.13.0\",\"resolution\":\"C:\\\\Users\\\\Bazil Nizam\\\\Desktop\\\\Amazon-Clone\\\\functions\\\\node_modules\\\\firebase-admin\\\\lib\\\\index.js\"}"}}
[debug] [2020-09-13T19:11:28.794Z] [runtime-status] [7864] Resolved module firebase-functions {"declared":true,"installed":true,"version":"3.11.0","resolution":"C:\\Users\\Bazil Nizam\\Desktop\\Amazon-Clone\\functions\\node_modules\\firebase-functions\\lib\\index.js"} {"metadata":{"emulator":{"name":"functions"},"function":{"name":"api"},"message":"[runtime-status] [7864] Resolved module firebase-functions {\"declared\":true,\"installed\":true,\"version\":\"3.11.0\",\"resolution\":\"C:\\\\Users\\\\Bazil Nizam\\\\Desktop\\\\Amazon-Clone\\\\functions\\\\node_modules\\\\firebase-functions\\\\lib\\\\index.js\"}"}}
[debug] [2020-09-13T19:11:28.794Z] [runtime-status] [7864] firebase-admin has been stubbed. {"adminResolution":{"declared":true,"installed":true,"version":"8.13.0","resolution":"C:\\Users\\Bazil Nizam\\Desktop\\Amazon-Clone\\functions\\node_modules\\firebase-admin\\lib\\index.js"}} {"metadata":{"emulator":{"name":"functions"},"function":{"name":"api"},"message":"[runtime-status] [7864] firebase-admin has been stubbed. {\"adminResolution\":{\"declared\":true,\"installed\":true,\"version\":\"8.13.0\",\"resolution\":\"C:\\\\Users\\\\Bazil Nizam\\\\Desktop\\\\Amazon-Clone\\\\functions\\\\node_modules\\\\firebase-admin\\\\lib\\\\index.js\"}}"}}
[debug] [2020-09-13T19:11:29.015Z] [runtime-status] [7864] Trigger "api" has been found, beginning invocation! {"metadata":{"emulator":{"name":"functions"},"function":{"name":"api"},"message":"[runtime-status] [7864] Trigger \"api\" has been found, beginning invocation!"}}
[info] i  functions: Beginning execution of "api" {"metadata":{"emulator":{"name":"functions"},"function":{"name":"api"},"message":"Beginning execution of \"api\""}}
[debug] [2020-09-13T19:11:29.017Z] [runtime-status] [7864] triggerDefinition {"httpsTrigger":{},"name":"api","entryPoint":"api"} {"metadata":{"emulator":{"name":"functions"},"function":{"name":"api"},"message":"[runtime-status] [7864] triggerDefinition {\"httpsTrigger\":{},\"name\":\"api\",\"entryPoint\":\"api\"}"}}
[debug] [2020-09-13T19:11:29.017Z] [runtime-status] [7864] Running api in mode HTTPS {"metadata":{"emulator":{"name":"functions"},"function":{"name":"api"},"message":"[runtime-status] [7864] Running api in mode HTTPS"}}
[debug] [2020-09-13T19:11:29.021Z] [runtime-status] [7864] Attempting to listen to socketPath: \\?\pipe\C:\Users\Bazil Nizam\Desktop\Amazon-Clone\functions\7864 {"metadata":{"emulator":{"name":"functions"},"function":{"name":"api"},"message":"[runtime-status] [7864] Attempting to listen to socketPath: \\\\?\\pipe\\C:\\Users\\Bazil Nizam\\Desktop\\Amazon-Clone\\functions\\7864"}}
[debug] [2020-09-13T19:11:29.024Z] [functions] Runtime ready! Sending request! {"metadata":{"emulator":{"name":"functions"},"message":"[functions] Runtime ready! Sending request!"}}
[debug] [2020-09-13T19:11:29.035Z] [runtime-status] [7864] Ephemeral server handling POST request {"metadata":{"emulator":{"name":"functions"},"function":{"name":"api"},"message":"[runtime-status] [7864] Ephemeral server handling POST request"}}
[info] >  Payment Request Recieved 4999000 {"user":"Payment Request Recieved 4999000","metadata":{"emulator":{"name":"functions"},"function":{"name":"api"},"message":"\u001b[90m> \u001b[39m Payment Request Recieved 4999000"}}
[debug] [2020-09-13T19:11:29.047Z] [runtime-status] [7864] Ephemeral server survived. {"metadata":{"emulator":{"name":"functions"},"function":{"name":"api"},"message":"[runtime-status] [7864] Ephemeral server survived."}}
[info] i  functions: Finished "api" in ~1s {"metadata":{"emulator":{"name":"functions"},"function":{"name":"api"},"message":"Finished \"api\" in ~1s"}}
[debug] [2020-09-13T19:11:30.529Z] [worker-api-32b1d9ee-d609-464a-93c9-53551256fcac]: IDLE {"metadata":{"emulator":{"name":"functions"},"message":"[worker-api-32b1d9ee-d609-464a-93c9-53551256fcac]: IDLE"}}
[debug] [2020-09-13T19:11:30.529Z] [work-queue] {"queueLength":0,"workRunningCount":0}
[debug] [2020-09-13T19:11:40.299Z] [work-queue] {"queueLength":1,"workRunningCount":0}
[debug] [2020-09-13T19:11:40.299Z] [work-queue] {"queueLength":0,"workRunningCount":1}
[debug] [2020-09-13T19:11:40.299Z] Accepted request POST /challenge-48601/us-central1/api/payments/create?total=0 --> api
[debug] [2020-09-13T19:11:40.299Z] [worker-pool] submitWork(triggerId=api) {"metadata":{"emulator":{"name":"functions"},"message":"[worker-pool] submitWork(triggerId=api)"}}
[debug] [2020-09-13T19:11:40.299Z] [worker-api-32b1d9ee-d609-464a-93c9-53551256fcac]: Assigning socketPath: \\?\pipe\C:\Users\Bazil Nizam\Desktop\Amazon-Clone\functions\7864 {"metadata":{"emulator":{"name":"functions"},"message":"[worker-api-32b1d9ee-d609-464a-93c9-53551256fcac]: Assigning socketPath: \\\\?\\pipe\\C:\\Users\\Bazil Nizam\\Desktop\\Amazon-Clone\\functions\\7864"}}
[debug] [2020-09-13T19:11:40.299Z] [worker-api-32b1d9ee-d609-464a-93c9-53551256fcac]: BUSY {"metadata":{"emulator":{"name":"functions"},"message":"[worker-api-32b1d9ee-d609-464a-93c9-53551256fcac]: BUSY"}}
[debug] [2020-09-13T19:11:40.300Z] [runtime-status] [7864] Trigger "api" has been found, beginning invocation! {"metadata":{"emulator":{"name":"functions"},"function":{"name":"api"},"message":"[runtime-status] [7864] Trigger \"api\" has been found, beginning invocation!"}}
[info] i  functions: Beginning execution of "api" {"metadata":{"emulator":{"name":"functions"},"function":{"name":"api"},"message":"Beginning execution of \"api\""}}
[debug] [2020-09-13T19:11:40.301Z] [runtime-status] [7864] triggerDefinition {"httpsTrigger":{},"name":"api","entryPoint":"api"} {"metadata":{"emulator":{"name":"functions"},"function":{"name":"api"},"message":"[runtime-status] [7864] triggerDefinition {\"httpsTrigger\":{},\"name\":\"api\",\"entryPoint\":\"api\"}"}}
[debug] [2020-09-13T19:11:40.302Z] [runtime-status] [7864] Running api in mode HTTPS {"metadata":{"emulator":{"name":"functions"},"function":{"name":"api"},"message":"[runtime-status] [7864] Running api in mode HTTPS"}}
[debug] [2020-09-13T19:11:40.302Z] [runtime-status] [7864] Attempting to listen to socketPath: \\?\pipe\C:\Users\Bazil Nizam\Desktop\Amazon-Clone\functions\7864 {"metadata":{"emulator":{"name":"functions"},"function":{"name":"api"},"message":"[runtime-status] [7864] Attempting to listen to socketPath: \\\\?\\pipe\\C:\\Users\\Bazil Nizam\\Desktop\\Amazon-Clone\\functions\\7864"}}
[debug] [2020-09-13T19:11:40.303Z] [functions] Runtime ready! Sending request! {"metadata":{"emulator":{"name":"functions"},"message":"[functions] Runtime ready! Sending request!"}}
[debug] [2020-09-13T19:11:40.306Z] [runtime-status] [7864] Ephemeral server handling POST request {"metadata":{"emulator":{"name":"functions"},"function":{"name":"api"},"message":"[runtime-status] [7864] Ephemeral server handling POST request"}}
[info] >  Payment Request Recieved 0 {"user":"Payment Request Recieved 0","metadata":{"emulator":{"name":"functions"},"function":{"name":"api"},"message":"\u001b[90m> \u001b[39m Payment Request Recieved 0"}}
[debug] [2020-09-13T19:11:40.314Z] [runtime-status] [7864] Ephemeral server survived. {"metadata":{"emulator":{"name":"functions"},"function":{"name":"api"},"message":"[runtime-status] [7864] Ephemeral server survived."}}
[info] >  (node:7864) UnhandledPromiseRejectionWarning: Error: This value must be greater than or equal to 1. {"user":"(node:7864) UnhandledPromiseRejectionWarning: Error: This value must be greater than or equal to 1.","metadata":{"emulator":{"name":"functions"},"function":{"name":"api"},"message":"\u001b[90m> \u001b[39m (node:7864) UnhandledPromiseRejectionWarning: Error: This value must be greater than or equal to 1."}}
[info] >      at Function.generate (C:\Users\Bazil Nizam\Desktop\Amazon-Clone\functions\node_modules\stripe\lib\Error.js:39:16) {"user":"    at Function.generate (C:\\Users\\Bazil Nizam\\Desktop\\Amazon-Clone\\functions\\node_modules\\stripe\\lib\\Error.js:39:16)","metadata":{"emulator":{"name":"functions"},"function":{"name":"api"},"message":"\u001b[90m> \u001b[39m     at Function.generate (C:\\Users\\Bazil Nizam\\Desktop\\Amazon-Clone\\functions\\node_modules\\stripe\\lib\\Error.js:39:16)"}}
[info] >      at IncomingMessage.<anonymous> (C:\Users\Bazil Nizam\Desktop\Amazon-Clone\functions\node_modules\stripe\lib\StripeResource.js:190:33) {"user":"    at IncomingMessage.<anonymous> (C:\\Users\\Bazil Nizam\\Desktop\\Amazon-Clone\\functions\\node_modules\\stripe\\lib\\StripeResource.js:190:33)","metadata":{"emulator":{"name":"functions"},"function":{"name":"api"},"message":"\u001b[90m> \u001b[39m     at IncomingMessage.<anonymous> (C:\\Users\\Bazil Nizam\\Desktop\\Amazon-Clone\\functions\\node_modules\\stripe\\lib\\StripeResource.js:190:33)"}}
[info] >      at Object.onceWrapper (events.js:421:28) {"user":"    at Object.onceWrapper (events.js:421:28)","metadata":{"emulator":{"name":"functions"},"function":{"name":"api"},"message":"\u001b[90m> \u001b[39m     at Object.onceWrapper (events.js:421:28)"}}
[info] >      at IncomingMessage.emit (events.js:327:22) {"user":"    at IncomingMessage.emit (events.js:327:22)","metadata":{"emulator":{"name":"functions"},"function":{"name":"api"},"message":"\u001b[90m> \u001b[39m     at IncomingMessage.emit (events.js:327:22)"}}
[info] >      at endReadableNT (_stream_readable.js:1220:12) {"user":"    at endReadableNT (_stream_readable.js:1220:12)","metadata":{"emulator":{"name":"functions"},"function":{"name":"api"},"message":"\u001b[90m> \u001b[39m     at endReadableNT (_stream_readable.js:1220:12)"}}
[info] >      at processTicksAndRejections (internal/process/task_queues.js:84:21) {"user":"    at processTicksAndRejections (internal/process/task_queues.js:84:21)","metadata":{"emulator":{"name":"functions"},"function":{"name":"api"},"message":"\u001b[90m> \u001b[39m     at processTicksAndRejections (internal/process/task_queues.js:84:21)"}}
[info] >  (node:7864) UnhandledPromiseRejectionWarning: Unhandled promise rejection. This error originated either by throwing inside of an async function without a catch block, or by rejecting a promise which was not handled with .catch(). To terminate the node process on unhandled promise rejection, use the CLI flag `--unhandled-rejections=strict` (see https://nodejs.org/api/cli.html#cli_unhandled_rejections_mode). (rejection id: 1) {"user":"(node:7864) UnhandledPromiseRejectionWarning: Unhandled promise rejection. This error originated either by throwing inside of an async function without a catch block, or by rejecting a promise which was not handled with .catch(). To terminate the node process on unhandled promise rejection, use the CLI flag `--unhandled-rejections=strict` (see https://nodejs.org/api/cli.html#cli_unhandled_rejections_mode). (rejection id: 1)","metadata":{"emulator":{"name":"functions"},"function":{"name":"api"},"message":"\u001b[90m> \u001b[39m (node:7864) UnhandledPromiseRejectionWarning: Unhandled promise rejection. This error originated either by throwing inside of an async function without a catch block, or by rejecting a promise which was not handled with .catch(). To terminate the node process on unhandled promise rejection, use the CLI flag `--unhandled-rejections=strict` (see https://nodejs.org/api/cli.html#cli_unhandled_rejections_mode). (rejection id: 1)"}}
[info] >  (node:7864) [DEP0018] DeprecationWarning: Unhandled promise rejections are deprecated. In the future, promise rejections that are not handled will terminate the Node.js process with a non-zero exit code. {"user":"(node:7864) [DEP0018] DeprecationWarning: Unhandled promise rejections are deprecated. In the future, promise rejections that are not handled will terminate the Node.js process with a non-zero exit code.","metadata":{"emulator":{"name":"functions"},"function":{"name":"api"},"message":"\u001b[90m> \u001b[39m (node:7864) [DEP0018] DeprecationWarning: Unhandled promise rejections are deprecated. In the future, promise rejections that are not handled will terminate the Node.js process with a non-zero exit code."}}
[warn] !  functions: Your function timed out after ~60s. To configure this timeout, see
      https://firebase.google.com/docs/functions/manage-functions#set_timeout_and_memory_allocation. {"metadata":{"emulator":{"name":"functions"},"function":{"name":"api"},"message":"Your function timed out after ~60s. To configure this timeout, see\n      https://firebase.google.com/docs/functions/manage-functions#set_timeout_and_memory_allocation."}}
[info] >  C:\Users\Bazil Nizam\AppData\Roaming\npm\node_modules\firebase-tools\lib\emulator\functionsEmulatorRuntime.js:642 {"user":"C:\\Users\\Bazil Nizam\\AppData\\Roaming\\npm\\node_modules\\firebase-tools\\lib\\emulator\\functionsEmulatorRuntime.js:642\r","metadata":{"emulator":{"name":"functions"},"function":{"name":"api"},"message":"\u001b[90m> \u001b[39m C:\\Users\\Bazil Nizam\\AppData\\Roaming\\npm\\node_modules\\firebase-tools\\lib\\emulator\\functionsEmulatorRuntime.js:642\r"}}
[info] >                  throw new Error("Function timed out."); {"user":"                throw new Error(\"Function timed out.\");\r","metadata":{"emulator":{"name":"functions"},"function":{"name":"api"},"message":"\u001b[90m> \u001b[39m                 throw new Error(\"Function timed out.\");\r"}}
[info] >                  ^ {"user":"                ^\r","metadata":{"emulator":{"name":"functions"},"function":{"name":"api"},"message":"\u001b[90m> \u001b[39m                 ^\r"}}
[info] >   {"user":"\r","metadata":{"emulator":{"name":"functions"},"function":{"name":"api"},"message":"\u001b[90m> \u001b[39m \r"}}
[info] >  Error: Function timed out. {"user":"Error: Function timed out.\r","metadata":{"emulator":{"name":"functions"},"function":{"name":"api"},"message":"\u001b[90m> \u001b[39m Error: Function timed out.\r"}}
[info] >      at Timeout._onTimeout (C:\Users\Bazil Nizam\AppData\Roaming\npm\node_modules\firebase-tools\lib\emulator\functionsEmulatorRuntime.js:642:23) {"user":"    at Timeout._onTimeout (C:\\Users\\Bazil Nizam\\AppData\\Roaming\\npm\\node_modules\\firebase-tools\\lib\\emulator\\functionsEmulatorRuntime.js:642:23)\r","metadata":{"emulator":{"name":"functions"},"function":{"name":"api"},"message":"\u001b[90m> \u001b[39m     at Timeout._onTimeout (C:\\Users\\Bazil Nizam\\AppData\\Roaming\\npm\\node_modules\\firebase-tools\\lib\\emulator\\functionsEmulatorRuntime.js:642:23)\r"}}
[info] >      at listOnTimeout (internal/timers.js:549:17) {"user":"    at listOnTimeout (internal/timers.js:549:17)\r","metadata":{"emulator":{"name":"functions"},"function":{"name":"api"},"message":"\u001b[90m> \u001b[39m     at listOnTimeout (internal/timers.js:549:17)\r"}}
[info] >      at processTimers (internal/timers.js:492:7) {"user":"    at processTimers (internal/timers.js:492:7)\r","metadata":{"emulator":{"name":"functions"},"function":{"name":"api"},"message":"\u001b[90m> \u001b[39m     at processTimers (internal/timers.js:492:7)\r"}}
[debug] [2020-09-13T19:12:40.321Z] [worker-api-32b1d9ee-d609-464a-93c9-53551256fcac]: exited {"metadata":{"emulator":{"name":"functions"},"message":"[worker-api-32b1d9ee-d609-464a-93c9-53551256fcac]: exited"}}
[debug] [2020-09-13T19:12:40.322Z] [worker-api-32b1d9ee-d609-464a-93c9-53551256fcac]: FINISHED {"metadata":{"emulator":{"name":"functions"},"message":"[worker-api-32b1d9ee-d609-464a-93c9-53551256fcac]: FINISHED"}}
[debug] [2020-09-13T19:12:40.322Z] [work-queue] {"queueLength":0,"workRunningCount":0}
[debug] [2020-09-13T19:13:25.619Z] [work-queue] {"queueLength":1,"workRunningCount":0}
[debug] [2020-09-13T19:13:25.619Z] [work-queue] {"queueLength":0,"workRunningCount":1}
[debug] [2020-09-13T19:13:25.620Z] Accepted request POST /challenge-48601/us-central1/api/payments/create?total=9998000 --> api
[debug] [2020-09-13T19:13:25.620Z] [worker-pool] Cleaned up workers for api: 1 --> 0 {"metadata":{"emulator":{"name":"functions"},"message":"[worker-pool] Cleaned up workers for api: 1 --> 0"}}
[debug] [2020-09-13T19:13:25.624Z] [worker-pool] addWorker(api) {"metadata":{"emulator":{"name":"functions"},"message":"[worker-pool] addWorker(api)"}}
[debug] [2020-09-13T19:13:25.625Z] [worker-pool] Adding worker with key api, total=1 {"metadata":{"emulator":{"name":"functions"},"message":"[worker-pool] Adding worker with key api, total=1"}}
[debug] [2020-09-13T19:13:25.625Z] [worker-pool] submitWork(triggerId=api) {"metadata":{"emulator":{"name":"functions"},"message":"[worker-pool] submitWork(triggerId=api)"}}
[debug] [2020-09-13T19:13:25.625Z] [worker-api-eeb7fe61-c9bf-4d5d-8609-ef660e3cfe39]: Assigning socketPath: \\?\pipe\C:\Users\Bazil Nizam\Desktop\Amazon-Clone\functions\14300 {"metadata":{"emulator":{"name":"functions"},"message":"[worker-api-eeb7fe61-c9bf-4d5d-8609-ef660e3cfe39]: Assigning socketPath: \\\\?\\pipe\\C:\\Users\\Bazil Nizam\\Desktop\\Amazon-Clone\\functions\\14300"}}
[debug] [2020-09-13T19:13:25.626Z] [worker-api-eeb7fe61-c9bf-4d5d-8609-ef660e3cfe39]: BUSY {"metadata":{"emulator":{"name":"functions"},"message":"[worker-api-eeb7fe61-c9bf-4d5d-8609-ef660e3cfe39]: BUSY"}}
[debug] [2020-09-13T19:13:26.381Z] [runtime-status] [14300] Functions runtime initialized. {"cwd":"C:\\Users\\Bazil Nizam\\Desktop\\Amazon-Clone\\functions","node_version":"12.18.3"} {"metadata":{"emulator":{"name":"functions"},"function":{"name":"api"},"message":"[runtime-status] [14300] Functions runtime initialized. {\"cwd\":\"C:\\\\Users\\\\Bazil Nizam\\\\Desktop\\\\Amazon-Clone\\\\functions\",\"node_version\":\"12.18.3\"}"}}
[debug] [2020-09-13T19:13:26.382Z] [runtime-status] [14300] Disabled runtime features: undefined {"metadata":{"emulator":{"name":"functions"},"function":{"name":"api"},"message":"[runtime-status] [14300] Disabled runtime features: undefined"}}
[debug] [2020-09-13T19:13:26.389Z] [runtime-status] [14300] Resolved module firebase-admin {"declared":true,"installed":true,"version":"8.13.0","resolution":"C:\\Users\\Bazil Nizam\\Desktop\\Amazon-Clone\\functions\\node_modules\\firebase-admin\\lib\\index.js"} {"metadata":{"emulator":{"name":"functions"},"function":{"name":"api"},"message":"[runtime-status] [14300] Resolved module firebase-admin {\"declared\":true,\"installed\":true,\"version\":\"8.13.0\",\"resolution\":\"C:\\\\Users\\\\Bazil Nizam\\\\Desktop\\\\Amazon-Clone\\\\functions\\\\node_modules\\\\firebase-admin\\\\lib\\\\index.js\"}"}}
[debug] [2020-09-13T19:13:26.391Z] [runtime-status] [14300] Resolved module firebase-functions {"declared":true,"installed":true,"version":"3.11.0","resolution":"C:\\Users\\Bazil Nizam\\Desktop\\Amazon-Clone\\functions\\node_modules\\firebase-functions\\lib\\index.js"} {"metadata":{"emulator":{"name":"functions"},"function":{"name":"api"},"message":"[runtime-status] [14300] Resolved module firebase-functions {\"declared\":true,\"installed\":true,\"version\":\"3.11.0\",\"resolution\":\"C:\\\\Users\\\\Bazil Nizam\\\\Desktop\\\\Amazon-Clone\\\\functions\\\\node_modules\\\\firebase-functions\\\\lib\\\\index.js\"}"}}
[debug] [2020-09-13T19:13:26.392Z] [runtime-status] [14300] Resolved module firebase-functions {"declared":true,"installed":true,"version":"3.11.0","resolution":"C:\\Users\\Bazil Nizam\\Desktop\\Amazon-Clone\\functions\\node_modules\\firebase-functions\\lib\\index.js"} {"metadata":{"emulator":{"name":"functions"},"function":{"name":"api"},"message":"[runtime-status] [14300] Resolved module firebase-functions {\"declared\":true,\"installed\":true,\"version\":\"3.11.0\",\"resolution\":\"C:\\\\Users\\\\Bazil Nizam\\\\Desktop\\\\Amazon-Clone\\\\functions\\\\node_modules\\\\firebase-functions\\\\lib\\\\index.js\"}"}}
[debug] [2020-09-13T19:13:26.394Z] [runtime-status] [14300] Outgoing network have been stubbed. [{"name":"http","status":"mocked"},{"name":"http","status":"mocked"},{"name":"https","status":"mocked"},{"name":"https","status":"mocked"},{"name":"net","status":"mocked"}] {"metadata":{"emulator":{"name":"functions"},"function":{"name":"api"},"message":"[runtime-status] [14300] Outgoing network have been stubbed. [{\"name\":\"http\",\"status\":\"mocked\"},{\"name\":\"http\",\"status\":\"mocked\"},{\"name\":\"https\",\"status\":\"mocked\"},{\"name\":\"https\",\"status\":\"mocked\"},{\"name\":\"net\",\"status\":\"mocked\"}]"}}
[debug] [2020-09-13T19:13:26.394Z] [runtime-status] [14300] Resolved module firebase-functions {"declared":true,"installed":true,"version":"3.11.0","resolution":"C:\\Users\\Bazil Nizam\\Desktop\\Amazon-Clone\\functions\\node_modules\\firebase-functions\\lib\\index.js"} {"metadata":{"emulator":{"name":"functions"},"function":{"name":"api"},"message":"[runtime-status] [14300] Resolved module firebase-functions {\"declared\":true,\"installed\":true,\"version\":\"3.11.0\",\"resolution\":\"C:\\\\Users\\\\Bazil Nizam\\\\Desktop\\\\Amazon-Clone\\\\functions\\\\node_modules\\\\firebase-functions\\\\lib\\\\index.js\"}"}}
[debug] [2020-09-13T19:13:26.455Z] [runtime-status] [14300] Checked functions.config() {"config":{}} {"metadata":{"emulator":{"name":"functions"},"function":{"name":"api"},"message":"[runtime-status] [14300] Checked functions.config() {\"config\":{}}"}}
[debug] [2020-09-13T19:13:26.457Z] [runtime-status] [14300] firebase-functions has been stubbed. {"functionsResolution":{"declared":true,"installed":true,"version":"3.11.0","resolution":"C:\\Users\\Bazil Nizam\\Desktop\\Amazon-Clone\\functions\\node_modules\\firebase-functions\\lib\\index.js"}} {"metadata":{"emulator":{"name":"functions"},"function":{"name":"api"},"message":"[runtime-status] [14300] firebase-functions has been stubbed. {\"functionsResolution\":{\"declared\":true,\"installed\":true,\"version\":\"3.11.0\",\"resolution\":\"C:\\\\Users\\\\Bazil Nizam\\\\Desktop\\\\Amazon-Clone\\\\functions\\\\node_modules\\\\firebase-functions\\\\lib\\\\index.js\"}}"}}
[debug] [2020-09-13T19:13:26.458Z] [runtime-status] [14300] Resolved module firebase-functions {"declared":true,"installed":true,"version":"3.11.0","resolution":"C:\\Users\\Bazil Nizam\\Desktop\\Amazon-Clone\\functions\\node_modules\\firebase-functions\\lib\\index.js"} {"metadata":{"emulator":{"name":"functions"},"function":{"name":"api"},"message":"[runtime-status] [14300] Resolved module firebase-functions {\"declared\":true,\"installed\":true,\"version\":\"3.11.0\",\"resolution\":\"C:\\\\Users\\\\Bazil Nizam\\\\Desktop\\\\Amazon-Clone\\\\functions\\\\node_modules\\\\firebase-functions\\\\lib\\\\index.js\"}"}}
[debug] [2020-09-13T19:13:26.459Z] [runtime-status] [14300] Resolved module firebase-admin {"declared":true,"installed":true,"version":"8.13.0","resolution":"C:\\Users\\Bazil Nizam\\Desktop\\Amazon-Clone\\functions\\node_modules\\firebase-admin\\lib\\index.js"} {"metadata":{"emulator":{"name":"functions"},"function":{"name":"api"},"message":"[runtime-status] [14300] Resolved module firebase-admin {\"declared\":true,\"installed\":true,\"version\":\"8.13.0\",\"resolution\":\"C:\\\\Users\\\\Bazil Nizam\\\\Desktop\\\\Amazon-Clone\\\\functions\\\\node_modules\\\\firebase-admin\\\\lib\\\\index.js\"}"}}
[debug] [2020-09-13T19:13:26.459Z] [runtime-status] [14300] Resolved module firebase-functions {"declared":true,"installed":true,"version":"3.11.0","resolution":"C:\\Users\\Bazil Nizam\\Desktop\\Amazon-Clone\\functions\\node_modules\\firebase-functions\\lib\\index.js"} {"metadata":{"emulator":{"name":"functions"},"function":{"name":"api"},"message":"[runtime-status] [14300] Resolved module firebase-functions {\"declared\":true,\"installed\":true,\"version\":\"3.11.0\",\"resolution\":\"C:\\\\Users\\\\Bazil Nizam\\\\Desktop\\\\Amazon-Clone\\\\functions\\\\node_modules\\\\firebase-functions\\\\lib\\\\index.js\"}"}}
[debug] [2020-09-13T19:13:26.459Z] [runtime-status] [14300] firebase-admin has been stubbed. {"adminResolution":{"declared":true,"installed":true,"version":"8.13.0","resolution":"C:\\Users\\Bazil Nizam\\Desktop\\Amazon-Clone\\functions\\node_modules\\firebase-admin\\lib\\index.js"}} {"metadata":{"emulator":{"name":"functions"},"function":{"name":"api"},"message":"[runtime-status] [14300] firebase-admin has been stubbed. {\"adminResolution\":{\"declared\":true,\"installed\":true,\"version\":\"8.13.0\",\"resolution\":\"C:\\\\Users\\\\Bazil Nizam\\\\Desktop\\\\Amazon-Clone\\\\functions\\\\node_modules\\\\firebase-admin\\\\lib\\\\index.js\"}}"}}
[debug] [2020-09-13T19:13:26.719Z] [runtime-status] [14300] Trigger "api" has been found, beginning invocation! {"metadata":{"emulator":{"name":"functions"},"function":{"name":"api"},"message":"[runtime-status] [14300] Trigger \"api\" has been found, beginning invocation!"}}
[info] i  functions: Beginning execution of "api" {"metadata":{"emulator":{"name":"functions"},"function":{"name":"api"},"message":"Beginning execution of \"api\""}}
[debug] [2020-09-13T19:13:26.721Z] [runtime-status] [14300] triggerDefinition {"httpsTrigger":{},"name":"api","entryPoint":"api"} {"metadata":{"emulator":{"name":"functions"},"function":{"name":"api"},"message":"[runtime-status] [14300] triggerDefinition {\"httpsTrigger\":{},\"name\":\"api\",\"entryPoint\":\"api\"}"}}
[debug] [2020-09-13T19:13:26.721Z] [runtime-status] [14300] Running api in mode HTTPS {"metadata":{"emulator":{"name":"functions"},"function":{"name":"api"},"message":"[runtime-status] [14300] Running api in mode HTTPS"}}
[debug] [2020-09-13T19:13:26.731Z] [runtime-status] [14300] Attempting to listen to socketPath: \\?\pipe\C:\Users\Bazil Nizam\Desktop\Amazon-Clone\functions\14300 {"metadata":{"emulator":{"name":"functions"},"function":{"name":"api"},"message":"[runtime-status] [14300] Attempting to listen to socketPath: \\\\?\\pipe\\C:\\Users\\Bazil Nizam\\Desktop\\Amazon-Clone\\functions\\14300"}}
[debug] [2020-09-13T19:13:26.735Z] [functions] Runtime ready! Sending request! {"metadata":{"emulator":{"name":"functions"},"message":"[functions] Runtime ready! Sending request!"}}
[debug] [2020-09-13T19:13:26.746Z] [runtime-status] [14300] Ephemeral server handling POST request {"metadata":{"emulator":{"name":"functions"},"function":{"name":"api"},"message":"[runtime-status] [14300] Ephemeral server handling POST request"}}
[info] >  Payment Request Recieved 9998000 {"user":"Payment Request Recieved 9998000","metadata":{"emulator":{"name":"functions"},"function":{"name":"api"},"message":"\u001b[90m> \u001b[39m Payment Request Recieved 9998000"}}
[debug] [2020-09-13T19:13:26.756Z] [runtime-status] [14300] Ephemeral server survived. {"metadata":{"emulator":{"name":"functions"},"function":{"name":"api"},"message":"[runtime-status] [14300] Ephemeral server survived."}}
[info] i  functions: Finished "api" in ~1s {"metadata":{"emulator":{"name":"functions"},"function":{"name":"api"},"message":"Finished \"api\" in ~1s"}}
[debug] [2020-09-13T19:13:27.610Z] [worker-api-eeb7fe61-c9bf-4d5d-8609-ef660e3cfe39]: IDLE {"metadata":{"emulator":{"name":"functions"},"message":"[worker-api-eeb7fe61-c9bf-4d5d-8609-ef660e3cfe39]: IDLE"}}
[debug] [2020-09-13T19:13:27.610Z] [work-queue] {"queueLength":0,"workRunningCount":0}
[debug] [2020-09-13T19:13:36.034Z] [work-queue] {"queueLength":1,"workRunningCount":0}
[debug] [2020-09-13T19:13:36.035Z] [work-queue] {"queueLength":0,"workRunningCount":1}
[debug] [2020-09-13T19:13:36.035Z] Accepted request POST /challenge-48601/us-central1/api/payments/create?total=0 --> api
[debug] [2020-09-13T19:13:36.035Z] [worker-pool] submitWork(triggerId=api) {"metadata":{"emulator":{"name":"functions"},"message":"[worker-pool] submitWork(triggerId=api)"}}
[debug] [2020-09-13T19:13:36.035Z] [worker-api-eeb7fe61-c9bf-4d5d-8609-ef660e3cfe39]: Assigning socketPath: \\?\pipe\C:\Users\Bazil Nizam\Desktop\Amazon-Clone\functions\14300 {"metadata":{"emulator":{"name":"functions"},"message":"[worker-api-eeb7fe61-c9bf-4d5d-8609-ef660e3cfe39]: Assigning socketPath: \\\\?\\pipe\\C:\\Users\\Bazil Nizam\\Desktop\\Amazon-Clone\\functions\\14300"}}
[debug] [2020-09-13T19:13:36.035Z] [worker-api-eeb7fe61-c9bf-4d5d-8609-ef660e3cfe39]: BUSY {"metadata":{"emulator":{"name":"functions"},"message":"[worker-api-eeb7fe61-c9bf-4d5d-8609-ef660e3cfe39]: BUSY"}}
[debug] [2020-09-13T19:13:36.039Z] [runtime-status] [14300] Trigger "api" has been found, beginning invocation! {"metadata":{"emulator":{"name":"functions"},"function":{"name":"api"},"message":"[runtime-status] [14300] Trigger \"api\" has been found, beginning invocation!"}}
[info] i  functions: Beginning execution of "api" {"metadata":{"emulator":{"name":"functions"},"function":{"name":"api"},"message":"Beginning execution of \"api\""}}
[debug] [2020-09-13T19:13:36.045Z] [runtime-status] [14300] triggerDefinition {"httpsTrigger":{},"name":"api","entryPoint":"api"} {"metadata":{"emulator":{"name":"functions"},"function":{"name":"api"},"message":"[runtime-status] [14300] triggerDefinition {\"httpsTrigger\":{},\"name\":\"api\",\"entryPoint\":\"api\"}"}}
[debug] [2020-09-13T19:13:36.045Z] [runtime-status] [14300] Running api in mode HTTPS {"metadata":{"emulator":{"name":"functions"},"function":{"name":"api"},"message":"[runtime-status] [14300] Running api in mode HTTPS"}}
[debug] [2020-09-13T19:13:36.046Z] [runtime-status] [14300] Attempting to listen to socketPath: \\?\pipe\C:\Users\Bazil Nizam\Desktop\Amazon-Clone\functions\14300 {"metadata":{"emulator":{"name":"functions"},"function":{"name":"api"},"message":"[runtime-status] [14300] Attempting to listen to socketPath: \\\\?\\pipe\\C:\\Users\\Bazil Nizam\\Desktop\\Amazon-Clone\\functions\\14300"}}
[debug] [2020-09-13T19:13:36.049Z] [functions] Runtime ready! Sending request! {"metadata":{"emulator":{"name":"functions"},"message":"[functions] Runtime ready! Sending request!"}}
[debug] [2020-09-13T19:13:36.058Z] [runtime-status] [14300] Ephemeral server handling POST request {"metadata":{"emulator":{"name":"functions"},"function":{"name":"api"},"message":"[runtime-status] [14300] Ephemeral server handling POST request"}}
[info] >  Payment Request Recieved 0 {"user":"Payment Request Recieved 0","metadata":{"emulator":{"name":"functions"},"function":{"name":"api"},"message":"\u001b[90m> \u001b[39m Payment Request Recieved 0"}}
[debug] [2020-09-13T19:13:36.061Z] [runtime-status] [14300] Ephemeral server survived. {"metadata":{"emulator":{"name":"functions"},"function":{"name":"api"},"message":"[runtime-status] [14300] Ephemeral server survived."}}
[info] >  (node:14300) UnhandledPromiseRejectionWarning: Error: This value must be greater than or equal to 1. {"user":"(node:14300) UnhandledPromiseRejectionWarning: Error: This value must be greater than or equal to 1.","metadata":{"emulator":{"name":"functions"},"function":{"name":"api"},"message":"\u001b[90m> \u001b[39m (node:14300) UnhandledPromiseRejectionWarning: Error: This value must be greater than or equal to 1."}}
[info] >      at Function.generate (C:\Users\Bazil Nizam\Desktop\Amazon-Clone\functions\node_modules\stripe\lib\Error.js:39:16) {"user":"    at Function.generate (C:\\Users\\Bazil Nizam\\Desktop\\Amazon-Clone\\functions\\node_modules\\stripe\\lib\\Error.js:39:16)","metadata":{"emulator":{"name":"functions"},"function":{"name":"api"},"message":"\u001b[90m> \u001b[39m     at Function.generate (C:\\Users\\Bazil Nizam\\Desktop\\Amazon-Clone\\functions\\node_modules\\stripe\\lib\\Error.js:39:16)"}}
[info] >      at IncomingMessage.<anonymous> (C:\Users\Bazil Nizam\Desktop\Amazon-Clone\functions\node_modules\stripe\lib\StripeResource.js:190:33) {"user":"    at IncomingMessage.<anonymous> (C:\\Users\\Bazil Nizam\\Desktop\\Amazon-Clone\\functions\\node_modules\\stripe\\lib\\StripeResource.js:190:33)","metadata":{"emulator":{"name":"functions"},"function":{"name":"api"},"message":"\u001b[90m> \u001b[39m     at IncomingMessage.<anonymous> (C:\\Users\\Bazil Nizam\\Desktop\\Amazon-Clone\\functions\\node_modules\\stripe\\lib\\StripeResource.js:190:33)"}}
[info] >      at Object.onceWrapper (events.js:421:28) {"user":"    at Object.onceWrapper (events.js:421:28)","metadata":{"emulator":{"name":"functions"},"function":{"name":"api"},"message":"\u001b[90m> \u001b[39m     at Object.onceWrapper (events.js:421:28)"}}
[info] >      at IncomingMessage.emit (events.js:327:22) {"user":"    at IncomingMessage.emit (events.js:327:22)","metadata":{"emulator":{"name":"functions"},"function":{"name":"api"},"message":"\u001b[90m> \u001b[39m     at IncomingMessage.emit (events.js:327:22)"}}
[info] >      at endReadableNT (_stream_readable.js:1220:12) {"user":"    at endReadableNT (_stream_readable.js:1220:12)","metadata":{"emulator":{"name":"functions"},"function":{"name":"api"},"message":"\u001b[90m> \u001b[39m     at endReadableNT (_stream_readable.js:1220:12)"}}
[info] >      at processTicksAndRejections (internal/process/task_queues.js:84:21) {"user":"    at processTicksAndRejections (internal/process/task_queues.js:84:21)","metadata":{"emulator":{"name":"functions"},"function":{"name":"api"},"message":"\u001b[90m> \u001b[39m     at processTicksAndRejections (internal/process/task_queues.js:84:21)"}}
[info] >  (node:14300) UnhandledPromiseRejectionWarning: Unhandled promise rejection. This error originated either by throwing inside of an async function without a catch block, or by rejecting a promise which was not handled with .catch(). To terminate the node process on unhandled promise rejection, use the CLI flag `--unhandled-rejections=strict` (see https://nodejs.org/api/cli.html#cli_unhandled_rejections_mode). (rejection id: 1) {"user":"(node:14300) UnhandledPromiseRejectionWarning: Unhandled promise rejection. This error originated either by throwing inside of an async function without a catch block, or by rejecting a promise which was not handled with .catch(). To terminate the node process on unhandled promise rejection, use the CLI flag `--unhandled-rejections=strict` (see https://nodejs.org/api/cli.html#cli_unhandled_rejections_mode). (rejection id: 1)","metadata":{"emulator":{"name":"functions"},"function":{"name":"api"},"message":"\u001b[90m> \u001b[39m (node:14300) UnhandledPromiseRejectionWarning: Unhandled promise rejection. This error originated either by throwing inside of an async function without a catch block, or by rejecting a promise which was not handled with .catch(). To terminate the node process on unhandled promise rejection, use the CLI flag `--unhandled-rejections=strict` (see https://nodejs.org/api/cli.html#cli_unhandled_rejections_mode). (rejection id: 1)"}}
[info] >  (node:14300) [DEP0018] DeprecationWarning: Unhandled promise rejections are deprecated. In the future, promise rejections that are not handled will terminate the Node.js process with a non-zero exit code. {"user":"(node:14300) [DEP0018] DeprecationWarning: Unhandled promise rejections are deprecated. In the future, promise rejections that are not handled will terminate the Node.js process with a non-zero exit code.","metadata":{"emulator":{"name":"functions"},"function":{"name":"api"},"message":"\u001b[90m> \u001b[39m (node:14300) [DEP0018] DeprecationWarning: Unhandled promise rejections are deprecated. In the future, promise rejections that are not handled will terminate the Node.js process with a non-zero exit code."}}
[warn] !  functions: Your function timed out after ~60s. To configure this timeout, see
      https://firebase.google.com/docs/functions/manage-functions#set_timeout_and_memory_allocation. {"metadata":{"emulator":{"name":"functions"},"function":{"name":"api"},"message":"Your function timed out after ~60s. To configure this timeout, see\n      https://firebase.google.com/docs/functions/manage-functions#set_timeout_and_memory_allocation."}}
[info] >  C:\Users\Bazil Nizam\AppData\Roaming\npm\node_modules\firebase-tools\lib\emulator\functionsEmulatorRuntime.js:642 {"user":"C:\\Users\\Bazil Nizam\\AppData\\Roaming\\npm\\node_modules\\firebase-tools\\lib\\emulator\\functionsEmulatorRuntime.js:642\r","metadata":{"emulator":{"name":"functions"},"function":{"name":"api"},"message":"\u001b[90m> \u001b[39m C:\\Users\\Bazil Nizam\\AppData\\Roaming\\npm\\node_modules\\firebase-tools\\lib\\emulator\\functionsEmulatorRuntime.js:642\r"}}
[info] >                  throw new Error("Function timed out."); {"user":"                throw new Error(\"Function timed out.\");\r","metadata":{"emulator":{"name":"functions"},"function":{"name":"api"},"message":"\u001b[90m> \u001b[39m                 throw new Error(\"Function timed out.\");\r"}}
[info] >                  ^ {"user":"                ^\r","metadata":{"emulator":{"name":"functions"},"function":{"name":"api"},"message":"\u001b[90m> \u001b[39m                 ^\r"}}
[info] >   {"user":"\r","metadata":{"emulator":{"name":"functions"},"function":{"name":"api"},"message":"\u001b[90m> \u001b[39m \r"}}
[info] >  Error: Function timed out. {"user":"Error: Function timed out.\r","metadata":{"emulator":{"name":"functions"},"function":{"name":"api"},"message":"\u001b[90m> \u001b[39m Error: Function timed out.\r"}}
[info] >      at Timeout._onTimeout (C:\Users\Bazil Nizam\AppData\Roaming\npm\node_modules\firebase-tools\lib\emulator\functionsEmulatorRuntime.js:642:23) {"user":"    at Timeout._onTimeout (C:\\Users\\Bazil Nizam\\AppData\\Roaming\\npm\\node_modules\\firebase-tools\\lib\\emulator\\functionsEmulatorRuntime.js:642:23)\r","metadata":{"emulator":{"name":"functions"},"function":{"name":"api"},"message":"\u001b[90m> \u001b[39m     at Timeout._onTimeout (C:\\Users\\Bazil Nizam\\AppData\\Roaming\\npm\\node_modules\\firebase-tools\\lib\\emulator\\functionsEmulatorRuntime.js:642:23)\r"}}
[info] >      at listOnTimeout (internal/timers.js:549:17) {"user":"    at listOnTimeout (internal/timers.js:549:17)\r","metadata":{"emulator":{"name":"functions"},"function":{"name":"api"},"message":"\u001b[90m> \u001b[39m     at listOnTimeout (internal/timers.js:549:17)\r"}}
[info] >      at processTimers (internal/timers.js:492:7) {"user":"    at processTimers (internal/timers.js:492:7)\r","metadata":{"emulator":{"name":"functions"},"function":{"name":"api"},"message":"\u001b[90m> \u001b[39m     at processTimers (internal/timers.js:492:7)\r"}}
[debug] [2020-09-13T19:14:36.055Z] [worker-api-eeb7fe61-c9bf-4d5d-8609-ef660e3cfe39]: exited {"metadata":{"emulator":{"name":"functions"},"message":"[worker-api-eeb7fe61-c9bf-4d5d-8609-ef660e3cfe39]: exited"}}
[debug] [2020-09-13T19:14:36.055Z] [worker-api-eeb7fe61-c9bf-4d5d-8609-ef660e3cfe39]: FINISHED {"metadata":{"emulator":{"name":"functions"},"message":"[worker-api-eeb7fe61-c9bf-4d5d-8609-ef660e3cfe39]: FINISHED"}}
[debug] [2020-09-13T19:14:36.055Z] [work-queue] {"queueLength":0,"workRunningCount":0}
[warn] !  ui: Fatal error occurred: 
   Emulator UI has exited with code: 1073807364, 
   stopping all running emulators {"metadata":{"emulator":{"name":"ui"},"message":"Fatal error occurred: \n   Emulator UI has exited with code: 1073807364, \n   stopping all running emulators"}}
[info] i  ui: Stopping Emulator UI {"metadata":{"emulator":{"name":"ui"},"message":"Stopping Emulator UI"}}
[debug] [2020-09-13T19:58:56.756Z] [worker-~diagnostic~-06586cea-5260-4cb9-9b92-df4ffb1b97c9]: exited {"metadata":{"emulator":{"name":"functions"},"message":"[worker-~diagnostic~-06586cea-5260-4cb9-9b92-df4ffb1b97c9]: exited"}}
[debug] [2020-09-13T19:58:56.757Z] [worker-~diagnostic~-06586cea-5260-4cb9-9b92-df4ffb1b97c9]: FINISHED {"metadata":{"emulator":{"name":"functions"},"message":"[worker-~diagnostic~-06586cea-5260-4cb9-9b92-df4ffb1b97c9]: FINISHED"}}
